[2025-06-09 21:37:58] always_restart (PID 84363) exited with code 1
[2025-06-09 21:37:58] Restarting always_restart...
[2025-06-09 21:37:59] expected_exit (PID 84364) exited with code 1
[2025-06-09 21:37:59] Restarting expected_exit...
[2025-06-09 21:38:01] always_restart (PID 84369) exited with code 1
[2025-06-09 21:38:01] Restarting always_restart...
[2025-06-09 21:38:02] expected_exit (PID 84373) exited with code 1
[2025-06-09 21:38:02] Restarting expected_exit...
[2025-06-09 21:38:03] trap_test (PID 84374) exited with code 1
[2025-06-09 21:38:04] Stopping process 84374 with signal USR1
[2025-06-09 21:38:09] always_restart (PID 84376) exited with code 1
[2025-06-09 21:38:09] Restarting always_restart...
[2025-06-09 21:38:10] expected_exit (PID 84379) exited with code 1
[2025-06-09 21:38:10] Restarting expected_exit...
[2025-06-09 21:38:12] Stopping process 84364 with signal TERM
[2025-06-09 21:38:15] Stopping process 84373 with signal TERM
[2025-06-09 21:38:18] Stopping process 84379 with signal TERM
[2025-06-09 21:38:21] Stopping process 84389 with signal TERM
[2025-06-09 21:38:21] Process 84389 exited gracefully.
[2025-06-09 21:38:21] always_restart (PID 84388) exited with code 1
[2025-06-09 21:38:21] Restarting always_restart...
[2025-06-09 21:38:22] expected_exit (PID 84402) exited with code 1
[2025-06-09 21:38:22] Restarting expected_exit...
